<?xml version="1.0" encoding="UTF-8"?>
<coverage generated="1772027823379" clover="3.2.0">
  <project timestamp="1772027823380" name="All files">
    <metrics statements="146" coveredstatements="103" conditionals="52" coveredconditionals="16" methods="24" coveredmethods="22" elements="222" coveredelements="141" complexity="0" loc="146" ncloc="146" packages="1" files="3" classes="3"/>
    <file name="ai.js" path="/mnt/d/github/chiisen/MiniOC/src/ai.js">
      <metrics statements="59" coveredstatements="41" conditionals="26" coveredconditionals="9" methods="8" coveredmethods="7"/>
      <line num="1" count="2" type="stmt"/>
      <line num="2" count="2" type="stmt"/>
      <line num="5" count="10" type="stmt"/>
      <line num="9" count="5" type="stmt"/>
      <line num="11" count="5" type="stmt"/>
      <line num="12" count="5" type="stmt"/>
      <line num="14" count="5" type="stmt"/>
      <line num="16" count="5" type="stmt"/>
      <line num="23" count="5" type="cond" truecount="1" falsecount="1"/>
      <line num="24" count="5" type="cond" truecount="1" falsecount="1"/>
      <line num="25" count="5" type="cond" truecount="1" falsecount="1"/>
      <line num="27" count="5" type="cond" truecount="2" falsecount="2"/>
      <line num="28" count="0" type="stmt"/>
      <line num="29" count="0" type="stmt"/>
      <line num="32" count="5" type="stmt"/>
      <line num="34" count="5" type="stmt"/>
      <line num="35" count="5" type="stmt"/>
      <line num="38" count="5" type="stmt"/>
      <line num="39" count="0" type="stmt"/>
      <line num="40" count="0" type="cond" truecount="0" falsecount="2"/>
      <line num="41" count="0" type="stmt"/>
      <line num="42" count="0" type="stmt"/>
      <line num="43" count="0" type="stmt"/>
      <line num="44" count="0" type="stmt"/>
      <line num="47" count="5" type="stmt"/>
      <line num="48" count="4" type="stmt"/>
      <line num="51" count="5" type="stmt"/>
      <line num="52" count="1" type="stmt"/>
      <line num="53" count="1" type="stmt"/>
      <line num="56" count="5" type="stmt"/>
      <line num="57" count="5" type="stmt"/>
      <line num="59" count="5" type="cond" truecount="2" falsecount="0"/>
      <line num="60" count="1" type="stmt"/>
      <line num="62" count="1" type="cond" truecount="1" falsecount="1"/>
      <line num="63" count="1" type="stmt"/>
      <line num="64" count="1" type="stmt"/>
      <line num="65" count="1" type="stmt"/>
      <line num="66" count="1" type="cond" truecount="1" falsecount="1"/>
      <line num="67" count="1" type="stmt"/>
      <line num="70" count="0" type="cond" truecount="0" falsecount="4"/>
      <line num="71" count="0" type="stmt"/>
      <line num="72" count="0" type="stmt"/>
      <line num="73" count="0" type="stmt"/>
      <line num="76" count="0" type="cond" truecount="0" falsecount="2"/>
      <line num="77" count="0" type="stmt"/>
      <line num="78" count="0" type="stmt"/>
      <line num="79" count="0" type="stmt"/>
      <line num="82" count="0" type="cond" truecount="0" falsecount="2"/>
      <line num="83" count="0" type="stmt"/>
      <line num="86" count="4" type="stmt"/>
      <line num="87" count="4" type="stmt"/>
      <line num="88" count="4" type="stmt"/>
      <line num="91" count="5" type="stmt"/>
      <line num="92" count="1" type="stmt"/>
      <line num="93" count="1" type="stmt"/>
      <line num="94" count="1" type="stmt"/>
      <line num="95" count="1" type="stmt"/>
      <line num="96" count="1" type="stmt"/>
      <line num="101" count="2" type="stmt"/>
    </file>
    <file name="db.js" path="/mnt/d/github/chiisen/MiniOC/src/db.js">
      <metrics statements="49" coveredstatements="36" conditionals="5" coveredconditionals="3" methods="7" coveredmethods="7"/>
      <line num="1" count="1" type="stmt"/>
      <line num="2" count="1" type="stmt"/>
      <line num="3" count="1" type="stmt"/>
      <line num="4" count="1" type="stmt"/>
      <line num="6" count="1" type="stmt"/>
      <line num="10" count="1" type="stmt"/>
      <line num="11" count="1" type="stmt"/>
      <line num="12" count="1" type="cond" truecount="1" falsecount="1"/>
      <line num="13" count="0" type="stmt"/>
      <line num="14" count="0" type="stmt"/>
      <line num="17" count="1" type="stmt"/>
      <line num="18" count="1" type="stmt"/>
      <line num="20" count="1" type="stmt"/>
      <line num="32" count="1" type="stmt"/>
      <line num="34" count="1" type="stmt"/>
      <line num="36" count="0" type="stmt"/>
      <line num="37" count="0" type="stmt"/>
      <line num="42" count="1" type="stmt"/>
      <line num="46" count="4" type="stmt"/>
      <line num="47" count="4" type="stmt"/>
      <line num="48" count="4" type="stmt"/>
      <line num="49" count="4" type="stmt"/>
      <line num="51" count="0" type="stmt"/>
      <line num="52" count="0" type="stmt"/>
      <line num="57" count="5" type="stmt"/>
      <line num="58" count="5" type="stmt"/>
      <line num="65" count="5" type="stmt"/>
      <line num="66" count="5" type="stmt"/>
      <line num="67" count="5" type="stmt"/>
      <line num="69" count="0" type="stmt"/>
      <line num="70" count="0" type="stmt"/>
      <line num="75" count="1" type="stmt"/>
      <line num="76" count="1" type="stmt"/>
      <line num="77" count="1" type="stmt"/>
      <line num="78" count="1" type="stmt"/>
      <line num="80" count="0" type="stmt"/>
      <line num="81" count="0" type="stmt"/>
      <line num="86" count="1" type="stmt"/>
      <line num="87" count="1" type="stmt"/>
      <line num="88" count="1" type="stmt"/>
      <line num="89" count="1" type="stmt"/>
      <line num="91" count="0" type="stmt"/>
      <line num="92" count="0" type="stmt"/>
      <line num="97" count="1" type="stmt"/>
      <line num="98" count="1" type="cond" truecount="1" falsecount="1"/>
      <line num="99" count="1" type="stmt"/>
      <line num="100" count="1" type="stmt"/>
      <line num="103" count="0" type="stmt"/>
      <line num="107" count="1" type="stmt"/>
    </file>
    <file name="logger.js" path="/mnt/d/github/chiisen/MiniOC/src/logger.js">
      <metrics statements="38" coveredstatements="26" conditionals="21" coveredconditionals="4" methods="9" coveredmethods="8"/>
      <line num="1" count="3" type="stmt"/>
      <line num="2" count="3" type="stmt"/>
      <line num="4" count="3" type="stmt"/>
      <line num="5" count="3" type="stmt"/>
      <line num="8" count="46" type="cond" truecount="1" falsecount="1"/>
      <line num="9" count="0" type="stmt"/>
      <line num="14" count="46" type="stmt"/>
      <line num="18" count="46" type="stmt"/>
      <line num="20" count="46" type="cond" truecount="1" falsecount="1"/>
      <line num="21" count="0" type="cond" truecount="0" falsecount="2"/>
      <line num="22" count="0" type="cond" truecount="0" falsecount="2"/>
      <line num="23" count="0" type="cond" truecount="0" falsecount="2"/>
      <line num="25" count="0" type="cond" truecount="0" falsecount="4"/>
      <line num="26" count="0" type="stmt"/>
      <line num="27" count="0" type="cond" truecount="0" falsecount="2"/>
      <line num="28" count="0" type="cond" truecount="0" falsecount="2"/>
      <line num="32" count="46" type="stmt"/>
      <line num="36" count="46" type="stmt"/>
      <line num="37" count="46" type="stmt"/>
      <line num="38" count="46" type="stmt"/>
      <line num="40" count="0" type="stmt"/>
      <line num="44" count="3" type="stmt"/>
      <line num="46" count="10" type="stmt"/>
      <line num="47" count="10" type="stmt"/>
      <line num="48" count="10" type="stmt"/>
      <line num="52" count="0" type="stmt"/>
      <line num="53" count="0" type="stmt"/>
      <line num="54" count="0" type="stmt"/>
      <line num="58" count="7" type="stmt"/>
      <line num="59" count="7" type="stmt"/>
      <line num="60" count="7" type="stmt"/>
      <line num="64" count="25" type="stmt"/>
      <line num="65" count="25" type="stmt"/>
      <line num="66" count="25" type="stmt"/>
      <line num="70" count="4" type="stmt"/>
      <line num="71" count="4" type="stmt"/>
      <line num="72" count="4" type="stmt"/>
      <line num="76" count="3" type="stmt"/>
    </file>
  </project>
</coverage>
