{"/mnt/d/github/chiisen/MiniOC/src/ai.js": {"path":"/mnt/d/github/chiisen/MiniOC/src/ai.js","statementMap":{"0":{"start":{"line":1,"column":18},"end":{"line":1,"column":42}},"1":{"start":{"line":2,"column":15},"end":{"line":2,"column":34}},"2":{"start":{"line":5,"column":4},"end":{"line":5,"column":64}},"3":{"start":{"line":9,"column":19},"end":{"line":9,"column":56}},"4":{"start":{"line":11,"column":4},"end":{"line":98,"column":7}},"5":{"start":{"line":12,"column":8},"end":{"line":12,"column":61}},"6":{"start":{"line":14,"column":21},"end":{"line":14,"column":62}},"7":{"start":{"line":16,"column":26},"end":{"line":21,"column":9}},"8":{"start":{"line":23,"column":8},"end":{"line":23,"column":93}},"9":{"start":{"line":24,"column":8},"end":{"line":24,"column":85}},"10":{"start":{"line":25,"column":8},"end":{"line":25,"column":78}},"11":{"start":{"line":27,"column":8},"end":{"line":30,"column":9}},"12":{"start":{"line":28,"column":12},"end":{"line":28,"column":67}},"13":{"start":{"line":29,"column":12},"end":{"line":29,"column":19}},"14":{"start":{"line":32,"column":22},"end":{"line":32,"column":65}},"15":{"start":{"line":34,"column":21},"end":{"line":34,"column":23}},"16":{"start":{"line":35,"column":21},"end":{"line":35,"column":23}},"17":{"start":{"line":38,"column":8},"end":{"line":45,"column":11}},"18":{"start":{"line":39,"column":12},"end":{"line":39,"column":36}},"19":{"start":{"line":40,"column":29},"end":{"line":40,"column":62}},"20":{"start":{"line":41,"column":12},"end":{"line":41,"column":81}},"21":{"start":{"line":42,"column":12},"end":{"line":42,"column":83}},"22":{"start":{"line":43,"column":12},"end":{"line":43,"column":110}},"23":{"start":{"line":44,"column":12},"end":{"line":44,"column":71}},"24":{"start":{"line":47,"column":8},"end":{"line":49,"column":11}},"25":{"start":{"line":48,"column":12},"end":{"line":48,"column":38}},"26":{"start":{"line":51,"column":8},"end":{"line":54,"column":11}},"27":{"start":{"line":52,"column":12},"end":{"line":52,"column":38}},"28":{"start":{"line":53,"column":12},"end":{"line":53,"column":64}},"29":{"start":{"line":56,"column":8},"end":{"line":89,"column":11}},"30":{"start":{"line":57,"column":12},"end":{"line":57,"column":36}},"31":{"start":{"line":59,"column":12},"end":{"line":84,"column":13}},"32":{"start":{"line":60,"column":16},"end":{"line":60,"column":66}},"33":{"start":{"line":62,"column":16},"end":{"line":68,"column":17}},"34":{"start":{"line":63,"column":20},"end":{"line":63,"column":66}},"35":{"start":{"line":64,"column":20},"end":{"line":64,"column":54}},"36":{"start":{"line":65,"column":20},"end":{"line":65,"column":54}},"37":{"start":{"line":66,"column":20},"end":{"line":66,"column":90}},"38":{"start":{"line":67,"column":20},"end":{"line":67,"column":27}},"39":{"start":{"line":70,"column":16},"end":{"line":74,"column":17}},"40":{"start":{"line":71,"column":20},"end":{"line":71,"column":81}},"41":{"start":{"line":72,"column":20},"end":{"line":72,"column":93}},"42":{"start":{"line":73,"column":20},"end":{"line":73,"column":27}},"43":{"start":{"line":76,"column":16},"end":{"line":80,"column":17}},"44":{"start":{"line":77,"column":20},"end":{"line":77,"column":79}},"45":{"start":{"line":78,"column":20},"end":{"line":78,"column":89}},"46":{"start":{"line":79,"column":20},"end":{"line":79,"column":27}},"47":{"start":{"line":82,"column":16},"end":{"line":82,"column":86}},"48":{"start":{"line":83,"column":16},"end":{"line":83,"column":23}},"49":{"start":{"line":86,"column":12},"end":{"line":86,"column":81}},"50":{"start":{"line":87,"column":32},"end":{"line":87,"column":136}},"51":{"start":{"line":88,"column":12},"end":{"line":88,"column":33}},"52":{"start":{"line":91,"column":8},"end":{"line":97,"column":18}},"53":{"start":{"line":92,"column":12},"end":{"line":92,"column":25}},"54":{"start":{"line":93,"column":12},"end":{"line":93,"column":64}},"55":{"start":{"line":94,"column":12},"end":{"line":94,"column":88}},"56":{"start":{"line":95,"column":12},"end":{"line":95,"column":76}},"57":{"start":{"line":96,"column":12},"end":{"line":96,"column":69}},"58":{"start":{"line":101,"column":0},"end":{"line":101,"column":49}}},"fnMap":{"0":{"name":"buildPrompt","decl":{"start":{"line":4,"column":9},"end":{"line":4,"column":20}},"loc":{"start":{"line":4,"column":47},"end":{"line":6,"column":1}},"line":4},"1":{"name":"processMessage","decl":{"start":{"line":8,"column":15},"end":{"line":8,"column":29}},"loc":{"start":{"line":8,"column":56},"end":{"line":99,"column":1}},"line":8},"2":{"name":"(anonymous_2)","decl":{"start":{"line":11,"column":23},"end":{"line":11,"column":24}},"loc":{"start":{"line":11,"column":44},"end":{"line":98,"column":5}},"line":11},"3":{"name":"(anonymous_3)","decl":{"start":{"line":38,"column":26},"end":{"line":38,"column":27}},"loc":{"start":{"line":38,"column":37},"end":{"line":45,"column":9}},"line":38},"4":{"name":"(anonymous_4)","decl":{"start":{"line":47,"column":32},"end":{"line":47,"column":33}},"loc":{"start":{"line":47,"column":42},"end":{"line":49,"column":9}},"line":47},"5":{"name":"(anonymous_5)","decl":{"start":{"line":51,"column":32},"end":{"line":51,"column":33}},"loc":{"start":{"line":51,"column":42},"end":{"line":54,"column":9}},"line":51},"6":{"name":"(anonymous_6)","decl":{"start":{"line":56,"column":26},"end":{"line":56,"column":27}},"loc":{"start":{"line":56,"column":36},"end":{"line":89,"column":9}},"line":56},"7":{"name":"(anonymous_7)","decl":{"start":{"line":91,"column":31},"end":{"line":91,"column":32}},"loc":{"start":{"line":91,"column":37},"end":{"line":97,"column":9}},"line":91}},"branchMap":{"0":{"loc":{"start":{"line":23,"column":39},"end":{"line":23,"column":89}},"type":"cond-expr","locations":[{"start":{"line":23,"column":72},"end":{"line":23,"column":77}},{"start":{"line":23,"column":80},"end":{"line":23,"column":89}}],"line":23},"1":{"loc":{"start":{"line":24,"column":40},"end":{"line":24,"column":81}},"type":"binary-expr","locations":[{"start":{"line":24,"column":40},"end":{"line":24,"column":68}},{"start":{"line":24,"column":72},"end":{"line":24,"column":81}}],"line":24},"2":{"loc":{"start":{"line":25,"column":37},"end":{"line":25,"column":74}},"type":"binary-expr","locations":[{"start":{"line":25,"column":37},"end":{"line":25,"column":61}},{"start":{"line":25,"column":65},"end":{"line":25,"column":74}}],"line":25},"3":{"loc":{"start":{"line":27,"column":8},"end":{"line":30,"column":9}},"type":"if","locations":[{"start":{"line":27,"column":8},"end":{"line":30,"column":9}},{"start":{},"end":{}}],"line":27},"4":{"loc":{"start":{"line":27,"column":12},"end":{"line":27,"column":86}},"type":"binary-expr","locations":[{"start":{"line":27,"column":12},"end":{"line":27,"column":43}},{"start":{"line":27,"column":47},"end":{"line":27,"column":86}}],"line":27},"5":{"loc":{"start":{"line":40,"column":29},"end":{"line":40,"column":62}},"type":"binary-expr","locations":[{"start":{"line":40,"column":29},"end":{"line":40,"column":43}},{"start":{"line":40,"column":47},"end":{"line":40,"column":62}}],"line":40},"6":{"loc":{"start":{"line":59,"column":12},"end":{"line":84,"column":13}},"type":"if","locations":[{"start":{"line":59,"column":12},"end":{"line":84,"column":13}},{"start":{},"end":{}}],"line":59},"7":{"loc":{"start":{"line":62,"column":16},"end":{"line":68,"column":17}},"type":"if","locations":[{"start":{"line":62,"column":16},"end":{"line":68,"column":17}},{"start":{},"end":{}}],"line":62},"8":{"loc":{"start":{"line":66,"column":37},"end":{"line":66,"column":87}},"type":"binary-expr","locations":[{"start":{"line":66,"column":37},"end":{"line":66,"column":43}},{"start":{"line":66,"column":47},"end":{"line":66,"column":87}}],"line":66},"9":{"loc":{"start":{"line":70,"column":16},"end":{"line":74,"column":17}},"type":"if","locations":[{"start":{"line":70,"column":16},"end":{"line":74,"column":17}},{"start":{},"end":{}}],"line":70},"10":{"loc":{"start":{"line":70,"column":20},"end":{"line":70,"column":80}},"type":"binary-expr","locations":[{"start":{"line":70,"column":20},"end":{"line":70,"column":53}},{"start":{"line":70,"column":57},"end":{"line":70,"column":80}}],"line":70},"11":{"loc":{"start":{"line":76,"column":16},"end":{"line":80,"column":17}},"type":"if","locations":[{"start":{"line":76,"column":16},"end":{"line":80,"column":17}},{"start":{},"end":{}}],"line":76},"12":{"loc":{"start":{"line":82,"column":33},"end":{"line":82,"column":83}},"type":"binary-expr","locations":[{"start":{"line":82,"column":33},"end":{"line":82,"column":39}},{"start":{"line":82,"column":43},"end":{"line":82,"column":83}}],"line":82}},"s":{"0":2,"1":2,"2":10,"3":5,"4":5,"5":5,"6":5,"7":5,"8":5,"9":5,"10":5,"11":5,"12":0,"13":0,"14":5,"15":5,"16":5,"17":5,"18":0,"19":0,"20":0,"21":0,"22":0,"23":0,"24":5,"25":4,"26":5,"27":1,"28":1,"29":5,"30":5,"31":5,"32":1,"33":1,"34":1,"35":1,"36":1,"37":1,"38":1,"39":0,"40":0,"41":0,"42":0,"43":0,"44":0,"45":0,"46":0,"47":0,"48":0,"49":4,"50":4,"51":4,"52":5,"53":1,"54":1,"55":1,"56":1,"57":1,"58":2},"f":{"0":10,"1":5,"2":5,"3":0,"4":4,"5":1,"6":5,"7":1},"b":{"0":[5,0],"1":[5,0],"2":[5,0],"3":[0,5],"4":[5,0],"5":[0,0],"6":[1,4],"7":[1,0],"8":[1,0],"9":[0,0],"10":[0,0],"11":[0,0],"12":[0,0]},"_coverageSchema":"1a1c01bbd47fc00a2c39e90264f33305004495a9","hash":"d6e870d3ab5e498a330a02f368d6e9d324f82c3f"}
,"/mnt/d/github/chiisen/MiniOC/src/db.js": {"path":"/mnt/d/github/chiisen/MiniOC/src/db.js","statementMap":{"0":{"start":{"line":1,"column":17},"end":{"line":1,"column":42}},"1":{"start":{"line":2,"column":13},"end":{"line":2,"column":28}},"2":{"start":{"line":3,"column":11},"end":{"line":3,"column":24}},"3":{"start":{"line":4,"column":15},"end":{"line":4,"column":34}},"4":{"start":{"line":6,"column":16},"end":{"line":6,"column":67}},"5":{"start":{"line":10,"column":4},"end":{"line":38,"column":5}},"6":{"start":{"line":11,"column":22},"end":{"line":11,"column":43}},"7":{"start":{"line":12,"column":8},"end":{"line":15,"column":9}},"8":{"start":{"line":13,"column":12},"end":{"line":13,"column":53}},"9":{"start":{"line":14,"column":12},"end":{"line":14,"column":64}},"10":{"start":{"line":17,"column":8},"end":{"line":17,"column":35}},"11":{"start":{"line":18,"column":8},"end":{"line":18,"column":51}},"12":{"start":{"line":20,"column":8},"end":{"line":31,"column":11}},"13":{"start":{"line":32,"column":8},"end":{"line":32,"column":51}},"14":{"start":{"line":34,"column":8},"end":{"line":34,"column":18}},"15":{"start":{"line":36,"column":8},"end":{"line":36,"column":61}},"16":{"start":{"line":37,"column":8},"end":{"line":37,"column":20}},"17":{"start":{"line":42,"column":4},"end":{"line":42,"column":14}},"18":{"start":{"line":46,"column":4},"end":{"line":53,"column":5}},"19":{"start":{"line":47,"column":21},"end":{"line":47,"column":102}},"20":{"start":{"line":48,"column":23},"end":{"line":48,"column":54}},"21":{"start":{"line":49,"column":8},"end":{"line":49,"column":100}},"22":{"start":{"line":51,"column":8},"end":{"line":51,"column":72}},"23":{"start":{"line":52,"column":8},"end":{"line":52,"column":20}},"24":{"start":{"line":57,"column":4},"end":{"line":71,"column":5}},"25":{"start":{"line":58,"column":21},"end":{"line":64,"column":10}},"26":{"start":{"line":65,"column":24},"end":{"line":65,"column":47}},"27":{"start":{"line":66,"column":8},"end":{"line":66,"column":80}},"28":{"start":{"line":67,"column":8},"end":{"line":67,"column":23}},"29":{"start":{"line":69,"column":8},"end":{"line":69,"column":77}},"30":{"start":{"line":70,"column":8},"end":{"line":70,"column":20}},"31":{"start":{"line":75,"column":4},"end":{"line":82,"column":5}},"32":{"start":{"line":76,"column":21},"end":{"line":76,"column":78}},"33":{"start":{"line":77,"column":23},"end":{"line":77,"column":39}},"34":{"start":{"line":78,"column":8},"end":{"line":78,"column":77}},"35":{"start":{"line":80,"column":8},"end":{"line":80,"column":79}},"36":{"start":{"line":81,"column":8},"end":{"line":81,"column":20}},"37":{"start":{"line":86,"column":4},"end":{"line":93,"column":5}},"38":{"start":{"line":87,"column":21},"end":{"line":87,"column":60}},"39":{"start":{"line":88,"column":23},"end":{"line":88,"column":33}},"40":{"start":{"line":89,"column":8},"end":{"line":89,"column":81}},"41":{"start":{"line":91,"column":8},"end":{"line":91,"column":65}},"42":{"start":{"line":92,"column":8},"end":{"line":92,"column":20}},"43":{"start":{"line":97,"column":4},"end":{"line":104,"column":5}},"44":{"start":{"line":98,"column":8},"end":{"line":101,"column":9}},"45":{"start":{"line":99,"column":12},"end":{"line":99,"column":23}},"46":{"start":{"line":100,"column":12},"end":{"line":100,"column":54}},"47":{"start":{"line":103,"column":8},"end":{"line":103,"column":56}},"48":{"start":{"line":107,"column":0},"end":{"line":115,"column":2}}},"fnMap":{"0":{"name":"initDatabase","decl":{"start":{"line":9,"column":9},"end":{"line":9,"column":21}},"loc":{"start":{"line":9,"column":24},"end":{"line":39,"column":1}},"line":9},"1":{"name":"getDatabase","decl":{"start":{"line":41,"column":9},"end":{"line":41,"column":20}},"loc":{"start":{"line":41,"column":23},"end":{"line":43,"column":1}},"line":41},"2":{"name":"addMessage","decl":{"start":{"line":45,"column":9},"end":{"line":45,"column":19}},"loc":{"start":{"line":45,"column":43},"end":{"line":54,"column":1}},"line":45},"3":{"name":"getChatHistory","decl":{"start":{"line":56,"column":9},"end":{"line":56,"column":23}},"loc":{"start":{"line":56,"column":44},"end":{"line":72,"column":1}},"line":56},"4":{"name":"clearChatHistory","decl":{"start":{"line":74,"column":9},"end":{"line":74,"column":25}},"loc":{"start":{"line":74,"column":34},"end":{"line":83,"column":1}},"line":74},"5":{"name":"clearAllConversations","decl":{"start":{"line":85,"column":9},"end":{"line":85,"column":30}},"loc":{"start":{"line":85,"column":33},"end":{"line":94,"column":1}},"line":85},"6":{"name":"closeDatabase","decl":{"start":{"line":96,"column":9},"end":{"line":96,"column":22}},"loc":{"start":{"line":96,"column":25},"end":{"line":105,"column":1}},"line":96}},"branchMap":{"0":{"loc":{"start":{"line":12,"column":8},"end":{"line":15,"column":9}},"type":"if","locations":[{"start":{"line":12,"column":8},"end":{"line":15,"column":9}},{"start":{},"end":{}}],"line":12},"1":{"loc":{"start":{"line":56,"column":32},"end":{"line":56,"column":42}},"type":"default-arg","locations":[{"start":{"line":56,"column":40},"end":{"line":56,"column":42}}],"line":56},"2":{"loc":{"start":{"line":98,"column":8},"end":{"line":101,"column":9}},"type":"if","locations":[{"start":{"line":98,"column":8},"end":{"line":101,"column":9}},{"start":{},"end":{}}],"line":98}},"s":{"0":1,"1":1,"2":1,"3":1,"4":1,"5":1,"6":1,"7":1,"8":0,"9":0,"10":1,"11":1,"12":1,"13":1,"14":1,"15":0,"16":0,"17":1,"18":4,"19":4,"20":4,"21":4,"22":0,"23":0,"24":5,"25":5,"26":5,"27":5,"28":5,"29":0,"30":0,"31":1,"32":1,"33":1,"34":1,"35":0,"36":0,"37":1,"38":1,"39":1,"40":1,"41":0,"42":0,"43":1,"44":1,"45":1,"46":1,"47":0,"48":1},"f":{"0":1,"1":1,"2":4,"3":5,"4":1,"5":1,"6":1},"b":{"0":[0,1],"1":[4],"2":[1,0]},"_coverageSchema":"1a1c01bbd47fc00a2c39e90264f33305004495a9","hash":"08458a70e2c40f0b4c6401a2acfddf5c0b8f5d3e"}
,"/mnt/d/github/chiisen/MiniOC/src/logger.js": {"path":"/mnt/d/github/chiisen/MiniOC/src/logger.js","statementMap":{"0":{"start":{"line":1,"column":11},"end":{"line":1,"column":24}},"1":{"start":{"line":2,"column":13},"end":{"line":2,"column":28}},"2":{"start":{"line":4,"column":16},"end":{"line":4,"column":56}},"3":{"start":{"line":5,"column":17},"end":{"line":5,"column":46}},"4":{"start":{"line":8,"column":4},"end":{"line":10,"column":5}},"5":{"start":{"line":9,"column":8},"end":{"line":9,"column":51}},"6":{"start":{"line":14,"column":4},"end":{"line":14,"column":36}},"7":{"start":{"line":18,"column":14},"end":{"line":18,"column":57}},"8":{"start":{"line":20,"column":4},"end":{"line":30,"column":5}},"9":{"start":{"line":21,"column":8},"end":{"line":21,"column":66}},"10":{"start":{"line":21,"column":24},"end":{"line":21,"column":66}},"11":{"start":{"line":22,"column":8},"end":{"line":22,"column":75}},"12":{"start":{"line":22,"column":27},"end":{"line":22,"column":75}},"13":{"start":{"line":23,"column":8},"end":{"line":23,"column":69}},"14":{"start":{"line":23,"column":25},"end":{"line":23,"column":69}},"15":{"start":{"line":25,"column":8},"end":{"line":29,"column":9}},"16":{"start":{"line":26,"column":25},"end":{"line":26,"column":44}},"17":{"start":{"line":27,"column":12},"end":{"line":27,"column":89}},"18":{"start":{"line":27,"column":33},"end":{"line":27,"column":89}},"19":{"start":{"line":28,"column":12},"end":{"line":28,"column":92}},"20":{"start":{"line":28,"column":34},"end":{"line":28,"column":92}},"21":{"start":{"line":32,"column":4},"end":{"line":32,"column":15}},"22":{"start":{"line":36,"column":4},"end":{"line":41,"column":5}},"23":{"start":{"line":37,"column":8},"end":{"line":37,"column":23}},"24":{"start":{"line":38,"column":8},"end":{"line":38,"column":49}},"25":{"start":{"line":40,"column":8},"end":{"line":40,"column":65}},"26":{"start":{"line":44,"column":15},"end":{"line":74,"column":1}},"27":{"start":{"line":46,"column":21},"end":{"line":46,"column":47}},"28":{"start":{"line":47,"column":8},"end":{"line":47,"column":29}},"29":{"start":{"line":48,"column":8},"end":{"line":48,"column":26}},"30":{"start":{"line":52,"column":21},"end":{"line":52,"column":54}},"31":{"start":{"line":53,"column":8},"end":{"line":53,"column":30}},"32":{"start":{"line":54,"column":8},"end":{"line":54,"column":26}},"33":{"start":{"line":58,"column":21},"end":{"line":58,"column":55}},"34":{"start":{"line":59,"column":8},"end":{"line":59,"column":31}},"35":{"start":{"line":60,"column":8},"end":{"line":60,"column":26}},"36":{"start":{"line":64,"column":21},"end":{"line":64,"column":48}},"37":{"start":{"line":65,"column":8},"end":{"line":65,"column":29}},"38":{"start":{"line":66,"column":8},"end":{"line":66,"column":26}},"39":{"start":{"line":70,"column":21},"end":{"line":70,"column":50}},"40":{"start":{"line":71,"column":8},"end":{"line":71,"column":29}},"41":{"start":{"line":72,"column":8},"end":{"line":72,"column":26}},"42":{"start":{"line":76,"column":0},"end":{"line":76,"column":24}}},"fnMap":{"0":{"name":"ensureLogDir","decl":{"start":{"line":7,"column":9},"end":{"line":7,"column":21}},"loc":{"start":{"line":7,"column":24},"end":{"line":11,"column":1}},"line":7},"1":{"name":"getTimestamp","decl":{"start":{"line":13,"column":9},"end":{"line":13,"column":21}},"loc":{"start":{"line":13,"column":24},"end":{"line":15,"column":1}},"line":13},"2":{"name":"formatLog","decl":{"start":{"line":17,"column":9},"end":{"line":17,"column":18}},"loc":{"start":{"line":17,"column":49},"end":{"line":33,"column":1}},"line":17},"3":{"name":"writeToFile","decl":{"start":{"line":35,"column":9},"end":{"line":35,"column":20}},"loc":{"start":{"line":35,"column":27},"end":{"line":42,"column":1}},"line":35},"4":{"name":"(anonymous_4)","decl":{"start":{"line":45,"column":4},"end":{"line":45,"column":5}},"loc":{"start":{"line":45,"column":18},"end":{"line":49,"column":5}},"line":45},"5":{"name":"(anonymous_5)","decl":{"start":{"line":51,"column":4},"end":{"line":51,"column":5}},"loc":{"start":{"line":51,"column":32},"end":{"line":55,"column":5}},"line":51},"6":{"name":"(anonymous_6)","decl":{"start":{"line":57,"column":4},"end":{"line":57,"column":5}},"loc":{"start":{"line":57,"column":33},"end":{"line":61,"column":5}},"line":57},"7":{"name":"(anonymous_7)","decl":{"start":{"line":63,"column":4},"end":{"line":63,"column":5}},"loc":{"start":{"line":63,"column":19},"end":{"line":67,"column":5}},"line":63},"8":{"name":"(anonymous_8)","decl":{"start":{"line":69,"column":4},"end":{"line":69,"column":5}},"loc":{"start":{"line":69,"column":21},"end":{"line":73,"column":5}},"line":69}},"branchMap":{"0":{"loc":{"start":{"line":8,"column":4},"end":{"line":10,"column":5}},"type":"if","locations":[{"start":{"line":8,"column":4},"end":{"line":10,"column":5}},{"start":{},"end":{}}],"line":8},"1":{"loc":{"start":{"line":17,"column":35},"end":{"line":17,"column":47}},"type":"default-arg","locations":[{"start":{"line":17,"column":43},"end":{"line":17,"column":47}}],"line":17},"2":{"loc":{"start":{"line":20,"column":4},"end":{"line":30,"column":5}},"type":"if","locations":[{"start":{"line":20,"column":4},"end":{"line":30,"column":5}},{"start":{},"end":{}}],"line":20},"3":{"loc":{"start":{"line":21,"column":8},"end":{"line":21,"column":66}},"type":"if","locations":[{"start":{"line":21,"column":8},"end":{"line":21,"column":66}},{"start":{},"end":{}}],"line":21},"4":{"loc":{"start":{"line":22,"column":8},"end":{"line":22,"column":75}},"type":"if","locations":[{"start":{"line":22,"column":8},"end":{"line":22,"column":75}},{"start":{},"end":{}}],"line":22},"5":{"loc":{"start":{"line":23,"column":8},"end":{"line":23,"column":69}},"type":"if","locations":[{"start":{"line":23,"column":8},"end":{"line":23,"column":69}},{"start":{},"end":{}}],"line":23},"6":{"loc":{"start":{"line":25,"column":8},"end":{"line":29,"column":9}},"type":"if","locations":[{"start":{"line":25,"column":8},"end":{"line":29,"column":9}},{"start":{},"end":{}}],"line":25},"7":{"loc":{"start":{"line":25,"column":12},"end":{"line":25,"column":49}},"type":"binary-expr","locations":[{"start":{"line":25,"column":12},"end":{"line":25,"column":26}},{"start":{"line":25,"column":30},"end":{"line":25,"column":49}}],"line":25},"8":{"loc":{"start":{"line":27,"column":12},"end":{"line":27,"column":89}},"type":"if","locations":[{"start":{"line":27,"column":12},"end":{"line":27,"column":89}},{"start":{},"end":{}}],"line":27},"9":{"loc":{"start":{"line":28,"column":12},"end":{"line":28,"column":92}},"type":"if","locations":[{"start":{"line":28,"column":12},"end":{"line":28,"column":92}},{"start":{},"end":{}}],"line":28},"10":{"loc":{"start":{"line":51,"column":18},"end":{"line":51,"column":30}},"type":"default-arg","locations":[{"start":{"line":51,"column":26},"end":{"line":51,"column":30}}],"line":51},"11":{"loc":{"start":{"line":57,"column":19},"end":{"line":57,"column":31}},"type":"default-arg","locations":[{"start":{"line":57,"column":27},"end":{"line":57,"column":31}}],"line":57}},"s":{"0":3,"1":3,"2":3,"3":3,"4":46,"5":0,"6":46,"7":46,"8":46,"9":0,"10":0,"11":0,"12":0,"13":0,"14":0,"15":0,"16":0,"17":0,"18":0,"19":0,"20":0,"21":46,"22":46,"23":46,"24":46,"25":0,"26":3,"27":10,"28":10,"29":10,"30":0,"31":0,"32":0,"33":7,"34":7,"35":7,"36":25,"37":25,"38":25,"39":4,"40":4,"41":4,"42":3},"f":{"0":46,"1":46,"2":46,"3":46,"4":10,"5":0,"6":7,"7":25,"8":4},"b":{"0":[0,46],"1":[39],"2":[0,46],"3":[0,0],"4":[0,0],"5":[0,0],"6":[0,0],"7":[0,0],"8":[0,0],"9":[0,0],"10":[0],"11":[7]},"_coverageSchema":"1a1c01bbd47fc00a2c39e90264f33305004495a9","hash":"1c40d081e62e39c92d48e2a74360c092380d5182"}
}
