TN:
SF:src/ai.js
FN:4,buildPrompt
FN:8,processMessage
FN:11,(anonymous_2)
FN:38,(anonymous_3)
FN:47,(anonymous_4)
FN:51,(anonymous_5)
FN:56,(anonymous_6)
FN:91,(anonymous_7)
FNF:8
FNH:7
FNDA:10,buildPrompt
FNDA:5,processMessage
FNDA:5,(anonymous_2)
FNDA:0,(anonymous_3)
FNDA:4,(anonymous_4)
FNDA:1,(anonymous_5)
FNDA:5,(anonymous_6)
FNDA:1,(anonymous_7)
DA:1,2
DA:2,2
DA:5,10
DA:9,5
DA:11,5
DA:12,5
DA:14,5
DA:16,5
DA:23,5
DA:24,5
DA:25,5
DA:27,5
DA:28,0
DA:29,0
DA:32,5
DA:34,5
DA:35,5
DA:38,5
DA:39,0
DA:40,0
DA:41,0
DA:42,0
DA:43,0
DA:44,0
DA:47,5
DA:48,4
DA:51,5
DA:52,1
DA:53,1
DA:56,5
DA:57,5
DA:59,5
DA:60,1
DA:62,1
DA:63,1
DA:64,1
DA:65,1
DA:66,1
DA:67,1
DA:70,0
DA:71,0
DA:72,0
DA:73,0
DA:76,0
DA:77,0
DA:78,0
DA:79,0
DA:82,0
DA:83,0
DA:86,4
DA:87,4
DA:88,4
DA:91,5
DA:92,1
DA:93,1
DA:94,1
DA:95,1
DA:96,1
DA:101,2
LF:59
LH:41
BRDA:23,0,0,5
BRDA:23,0,1,0
BRDA:24,1,0,5
BRDA:24,1,1,0
BRDA:25,2,0,5
BRDA:25,2,1,0
BRDA:27,3,0,0
BRDA:27,3,1,5
BRDA:27,4,0,5
BRDA:27,4,1,0
BRDA:40,5,0,0
BRDA:40,5,1,0
BRDA:59,6,0,1
BRDA:59,6,1,4
BRDA:62,7,0,1
BRDA:62,7,1,0
BRDA:66,8,0,1
BRDA:66,8,1,0
BRDA:70,9,0,0
BRDA:70,9,1,0
BRDA:70,10,0,0
BRDA:70,10,1,0
BRDA:76,11,0,0
BRDA:76,11,1,0
BRDA:82,12,0,0
BRDA:82,12,1,0
BRF:26
BRH:9
end_of_record
TN:
SF:src/db.js
FN:9,initDatabase
FN:41,getDatabase
FN:45,addMessage
FN:56,getChatHistory
FN:74,clearChatHistory
FN:85,clearAllConversations
FN:96,closeDatabase
FNF:7
FNH:7
FNDA:1,initDatabase
FNDA:1,getDatabase
FNDA:4,addMessage
FNDA:5,getChatHistory
FNDA:1,clearChatHistory
FNDA:1,clearAllConversations
FNDA:1,closeDatabase
DA:1,1
DA:2,1
DA:3,1
DA:4,1
DA:6,1
DA:10,1
DA:11,1
DA:12,1
DA:13,0
DA:14,0
DA:17,1
DA:18,1
DA:20,1
DA:32,1
DA:34,1
DA:36,0
DA:37,0
DA:42,1
DA:46,4
DA:47,4
DA:48,4
DA:49,4
DA:51,0
DA:52,0
DA:57,5
DA:58,5
DA:65,5
DA:66,5
DA:67,5
DA:69,0
DA:70,0
DA:75,1
DA:76,1
DA:77,1
DA:78,1
DA:80,0
DA:81,0
DA:86,1
DA:87,1
DA:88,1
DA:89,1
DA:91,0
DA:92,0
DA:97,1
DA:98,1
DA:99,1
DA:100,1
DA:103,0
DA:107,1
LF:49
LH:36
BRDA:12,0,0,0
BRDA:12,0,1,1
BRDA:56,1,0,4
BRDA:98,2,0,1
BRDA:98,2,1,0
BRF:5
BRH:3
end_of_record
TN:
SF:src/logger.js
FN:7,ensureLogDir
FN:13,getTimestamp
FN:17,formatLog
FN:35,writeToFile
FN:45,(anonymous_4)
FN:51,(anonymous_5)
FN:57,(anonymous_6)
FN:63,(anonymous_7)
FN:69,(anonymous_8)
FNF:9
FNH:8
FNDA:46,ensureLogDir
FNDA:46,getTimestamp
FNDA:46,formatLog
FNDA:46,writeToFile
FNDA:10,(anonymous_4)
FNDA:0,(anonymous_5)
FNDA:7,(anonymous_6)
FNDA:25,(anonymous_7)
FNDA:4,(anonymous_8)
DA:1,3
DA:2,3
DA:4,3
DA:5,3
DA:8,46
DA:9,0
DA:14,46
DA:18,46
DA:20,46
DA:21,0
DA:22,0
DA:23,0
DA:25,0
DA:26,0
DA:27,0
DA:28,0
DA:32,46
DA:36,46
DA:37,46
DA:38,46
DA:40,0
DA:44,3
DA:46,10
DA:47,10
DA:48,10
DA:52,0
DA:53,0
DA:54,0
DA:58,7
DA:59,7
DA:60,7
DA:64,25
DA:65,25
DA:66,25
DA:70,4
DA:71,4
DA:72,4
DA:76,3
LF:38
LH:26
BRDA:8,0,0,0
BRDA:8,0,1,46
BRDA:17,1,0,39
BRDA:20,2,0,0
BRDA:20,2,1,46
BRDA:21,3,0,0
BRDA:21,3,1,0
BRDA:22,4,0,0
BRDA:22,4,1,0
BRDA:23,5,0,0
BRDA:23,5,1,0
BRDA:25,6,0,0
BRDA:25,6,1,0
BRDA:25,7,0,0
BRDA:25,7,1,0
BRDA:27,8,0,0
BRDA:27,8,1,0
BRDA:28,9,0,0
BRDA:28,9,1,0
BRDA:51,10,0,0
BRDA:57,11,0,7
BRF:21
BRH:4
end_of_record
